<?xml version="1.0" encoding="UTF-8"?>
<!-- Generated by org.testng.reporters.JUnitXMLReporter -->
<testsuite hostname="BJDN014-PC" ignored="1" name="Test" tests="2" failures="0" timestamp="11 十二月 2018 03:41:41 GMT" time="11.363" errors="0">
  <testcase name="name2" time="0.01" classname="demo1.SelectorDemo"/>
  <testcase name="name2" time="11.33" classname="demo1.Demo2"/>
  <testcase name="name1" time="0.0" classname="demo1.SelectorDemo">
    <ignored/>
  </testcase> <!-- name1 -->
</testsuite> <!-- Test -->
