<?xml version="1.0" encoding="UTF-8"?>
<!-- Generated by org.testng.reporters.JUnitXMLReporter -->
<testsuite hostname="LAPTOP-QFVM1IUP" ignored="1" name="Test" tests="2" failures="0" timestamp="17 十二月 2018 10:56:19 GMT" time="9.521" errors="0">
  <testcase name="name2" time="0.007" classname="demo1.SelectorDemo"/>
  <testcase name="name2" time="9.498" classname="demo1.Demo2"/>
  <testcase name="name1" time="0.0" classname="demo1.SelectorDemo">
    <ignored/>
  </testcase> <!-- name1 -->
</testsuite> <!-- Test -->
