<?xml version="1.0" encoding="UTF-8"?>
<testng-results skipped="0" failed="0" ignored="0" total="1" passed="1">
  <reporter-output>
  </reporter-output>
  <suite name="Default suite" duration-ms="13290" started-at="2018-12-11T06:36:05Z" finished-at="2018-12-11T06:36:18Z">
    <groups>
    </groups>
    <test name="Default test" duration-ms="13290" started-at="2018-12-11T06:36:05Z" finished-at="2018-12-11T06:36:18Z">
      <class name="com.seleniumAPI.getIEDriver">
        <test-method status="PASS" signature="startIE()[pri:0, instance:com.seleniumAPI.getIEDriver@91161c7]" name="startIE" is-config="true" duration-ms="5652" started-at="2018-12-11T14:36:05Z" finished-at="2018-12-11T14:36:10Z">
          <reporter-output>
          </reporter-output>
        </test-method> <!-- startIE -->
        <test-method status="PASS" signature="ss()[pri:0, instance:com.seleniumAPI.getIEDriver@91161c7]" name="ss" duration-ms="6741" started-at="2018-12-11T14:36:10Z" finished-at="2018-12-11T14:36:17Z">
          <reporter-output>
          </reporter-output>
        </test-method> <!-- ss -->
        <test-method status="PASS" signature="releaseIE()[pri:0, instance:com.seleniumAPI.getIEDriver@91161c7]" name="releaseIE" is-config="true" duration-ms="872" started-at="2018-12-11T14:36:17Z" finished-at="2018-12-11T14:36:18Z">
          <reporter-output>
          </reporter-output>
        </test-method> <!-- releaseIE -->
      </class> <!-- com.seleniumAPI.getIEDriver -->
    </test> <!-- Default test -->
  </suite> <!-- Default suite -->
</testng-results>
