<?xml version="1.0" encoding="UTF-8"?>
<testng-results skipped="0" failed="0" ignored="0" total="1" passed="1">
  <reporter-output>
  </reporter-output>
  <suite name="Default suite" duration-ms="39" started-at="2018-12-13T06:52:35Z" finished-at="2018-12-13T06:52:35Z">
    <groups>
    </groups>
    <test name="Default test" duration-ms="39" started-at="2018-12-13T06:52:35Z" finished-at="2018-12-13T06:52:35Z">
      <class name="com.seleniumAPI.Dateformat">
        <test-method status="PASS" signature="dateformat()[pri:0, instance:com.seleniumAPI.Dateformat@2b98378d]" name="dateformat" duration-ms="19" started-at="2018-12-13T14:52:35Z" finished-at="2018-12-13T14:52:35Z">
          <reporter-output>
          </reporter-output>
        </test-method> <!-- dateformat -->
      </class> <!-- com.seleniumAPI.Dateformat -->
    </test> <!-- Default test -->
  </suite> <!-- Default suite -->
</testng-results>
